# JRE version: OpenJDK Runtime Environment Temurin-21.0.9+10 (21.0.9+10) (build 21.0.9+10-LTS)
# Java VM: OpenJDK 64-Bit Server VM Temurin-21.0.9+10 (21.0.9+10-LTS, mixed mode, sharing, tiered, compressed oops, compressed class ptrs, g1 gc, windows-amd64)
GC Precious Log:
 CardTable entry size: 512
 Card Set container configuration: InlinePtr #cards 4 size 8 Array Of Cards #cards 16 size 48 Howl #buckets 8 coarsen threshold 3686 Howl Bitmap #cards 512 size 80 coarsen threshold 460 Card regions per heap region 1 cards per card region 4096
 CPUs: 12 total, 12 available
 Memory: 16016M
 Large Page Support: Disabled
 NUMA Support: Disabled
 Compressed Oops: Enabled (Zero based)
 Heap Region Size: 2M
 Heap Min Capacity: 8M
 Heap Initial Capacity: 252M
 Heap Max Capacity: 4006M
 Pre-touch: Disabled
 Parallel Workers: 10
 Concurrent Workers: 3
 Concurrent Refinement Workers: 10
 Periodic GC: Disabled
Heap:
 garbage-first heap   total 63488K, used 49281K [0x0000000705a00000, 0x0000000800000000)
  region size 2048K, 18 young (36864K), 3 survivors (6144K)
 Metaspace       used 35564K, committed 36096K, reserved 1114112K
  class space    used 4517K, committed 4800K, reserved 1048576K
GC Heap History (15 events):
Event: 0.909 GC heap before
{Heap before GC invocations=0 (full 0):
 garbage-first heap   total 258048K, used 20480K [0x0000000705a00000, 0x0000000800000000)
  region size 2048K, 11 young (22528K), 0 survivors (0K)
 Metaspace       used 4534K, committed 4672K, reserved 1114112K
  class space    used 421K, committed 512K, reserved 1048576K
}
Event: 0.914 GC heap after
{Heap after GC invocations=1 (full 0):
 garbage-first heap   total 258048K, used 7229K [0x0000000705a00000, 0x0000000800000000)
  region size 2048K, 2 young (4096K), 2 survivors (4096K)
 Metaspace       used 4534K, committed 4672K, reserved 1114112K
  class space    used 421K, committed 512K, reserved 1048576K
}
Event: 1.454 GC heap before
{Heap before GC invocations=1 (full 0):
 garbage-first heap   total 258048K, used 33853K [0x0000000705a00000, 0x0000000800000000)
  region size 2048K, 16 young (32768K), 2 survivors (4096K)
 Metaspace       used 8099K, committed 8384K, reserved 1114112K
  class space    used 882K, committed 1024K, reserved 1048576K
}
Event: 1.458 GC heap after
{Heap after GC invocations=2 (full 0):
 garbage-first heap   total 258048K, used 8788K [0x0000000705a00000, 0x0000000800000000)
  region size 2048K, 1 young (2048K), 1 survivors (2048K)
 Metaspace       used 8099K, committed 8384K, reserved 1114112K
  class space    used 882K, committed 1024K, reserved 1048576K
}
Event: 4.442 GC heap before
{Heap before GC invocations=2 (full 0):
 garbage-first heap   total 258048K, used 135764K [0x0000000705a00000, 0x0000000800000000)
  region size 2048K, 65 young (133120K), 1 survivors (2048K)
 Metaspace       used 21181K, committed 21504K, reserved 1114112K
  class space    used 2524K, committed 2688K, reserved 1048576K
}
Event: 4.448 GC heap after
{Heap after GC invocations=3 (full 0):
 garbage-first heap   total 258048K, used 13713K [0x0000000705a00000, 0x0000000800000000)
  region size 2048K, 4 young (8192K), 4 survivors (8192K)
 Metaspace       used 21181K, committed 21504K, reserved 1114112K
  class space    used 2524K, committed 2688K, reserved 1048576K
}
Event: 5.304 GC heap before
{Heap before GC invocations=4 (full 0):
 garbage-first heap   total 55296K, used 50577K [0x0000000705a00000, 0x0000000800000000)
  region size 2048K, 23 young (47104K), 4 survivors (8192K)
 Metaspace       used 24338K, committed 24704K, reserved 1114112K
  class space    used 2921K, committed 3072K, reserved 1048576K
}
Event: 5.311 GC heap after
{Heap after GC invocations=5 (full 0):
 garbage-first heap   total 63488K, used 15387K [0x0000000705a00000, 0x0000000800000000)
  region size 2048K, 4 young (8192K), 4 survivors (8192K)
 Metaspace       used 24338K, committed 24704K, reserved 1114112K
  class space    used 2921K, committed 3072K, reserved 1048576K
}
Event: 5.869 GC heap before
{Heap before GC invocations=5 (full 0):
 garbage-first heap   total 63488K, used 44059K [0x0000000705a00000, 0x0000000800000000)
  region size 2048K, 18 young (36864K), 4 survivors (8192K)
 Metaspace       used 26414K, committed 26816K, reserved 1114112K
  class space    used 3265K, committed 3456K, reserved 1048576K
}
Event: 5.876 GC heap after
{Heap after GC invocations=6 (full 0):
 garbage-first heap   total 63488K, used 16947K [0x0000000705a00000, 0x0000000800000000)
  region size 2048K, 2 young (4096K), 2 survivors (4096K)
 Metaspace       used 26414K, committed 26816K, reserved 1114112K
  class space    used 3265K, committed 3456K, reserved 1048576K
}
Event: 7.051 GC heap before
{Heap before GC invocations=6 (full 0):
 garbage-first heap   total 63488K, used 49715K [0x0000000705a00000, 0x0000000800000000)
  region size 2048K, 18 young (36864K), 2 survivors (4096K)
 Metaspace       used 29285K, committed 29824K, reserved 1114112K
  class space    used 3653K, committed 3904K, reserved 1048576K
}
Event: 7.056 GC heap after
{Heap after GC invocations=7 (full 0):
 garbage-first heap   total 63488K, used 17282K [0x0000000705a00000, 0x0000000800000000)
  region size 2048K, 2 young (4096K), 2 survivors (4096K)
 Metaspace       used 29285K, committed 29824K, reserved 1114112K
  class space    used 3653K, committed 3904K, reserved 1048576K
}
Event: 8.192 GC heap before
{Heap before GC invocations=7 (full 0):
 garbage-first heap   total 63488K, used 50050K [0x0000000705a00000, 0x0000000800000000)
  region size 2048K, 18 young (36864K), 2 survivors (4096K)
 Metaspace       used 32334K, committed 32832K, reserved 1114112K
  class space    used 4086K, committed 4288K, reserved 1048576K
}
Event: 8.202 GC heap after
{Heap after GC invocations=8 (full 0):
 garbage-first heap   total 63488K, used 18825K [0x0000000705a00000, 0x0000000800000000)
  region size 2048K, 2 young (4096K), 2 survivors (4096K)
 Metaspace       used 32334K, committed 32832K, reserved 1114112K
  class space    used 4086K, committed 4288K, reserved 1048576K
}
Event: 2067.073 GC heap before
{Heap before GC invocations=8 (full 0):
 garbage-first heap   total 63488K, used 47497K [0x0000000705a00000, 0x0000000800000000)
  region size 2048K, 17 young (34816K), 2 survivors (4096K)
 Metaspace       used 35564K, committed 36096K, reserved 1114112K
  class space    used 4517K, committed 4800K, reserved 1048576K
}

